[2022-01-15 09:34:15,943] INFO Starting the log cleaner (kafka.log.LogCleaner)
[2022-01-15 09:34:16,039] INFO [kafka-log-cleaner-thread-0]: Starting (kafka.log.LogCleaner)
[2022-01-15 09:34:39,548] INFO Starting the log cleaner (kafka.log.LogCleaner)
[2022-01-15 09:34:39,654] INFO [kafka-log-cleaner-thread-0]: Starting (kafka.log.LogCleaner)
[2022-01-15 09:34:59,061] INFO Starting the log cleaner (kafka.log.LogCleaner)
[2022-01-15 09:34:59,170] INFO [kafka-log-cleaner-thread-0]: Starting (kafka.log.LogCleaner)
[2022-01-15 09:44:17,236] INFO Starting the log cleaner (kafka.log.LogCleaner)
[2022-01-15 09:44:17,355] INFO [kafka-log-cleaner-thread-0]: Starting (kafka.log.LogCleaner)
[2022-01-15 09:44:17,394] INFO Cleaner 0: Beginning cleaning of log __consumer_offsets-13. (kafka.log.LogCleaner)
[2022-01-15 09:44:17,395] INFO Cleaner 0: Building offset map for __consumer_offsets-13... (kafka.log.LogCleaner)
[2022-01-15 09:44:17,418] INFO Cleaner 0: Building offset map for log __consumer_offsets-13 for 1 segments in offset range [0, 36). (kafka.log.LogCleaner)
[2022-01-15 09:44:17,451] INFO Cleaner 0: Offset map for log __consumer_offsets-13 complete. (kafka.log.LogCleaner)
[2022-01-15 09:44:17,460] INFO Cleaner 0: Cleaning log __consumer_offsets-13 (cleaning prior to Sat May 08 06:19:23 CDT 2021, discarding tombstones prior to Wed Dec 31 18:00:00 CST 1969)... (kafka.log.LogCleaner)
[2022-01-15 09:44:17,467] INFO Cleaner 0: Cleaning LogSegment(baseOffset=0, size=7802, lastModifiedTime=1620472763524, largestRecordTimestamp=Some(1620472763484)) in log __consumer_offsets-13 into 0 with deletion horizon 0, retaining deletes. (kafka.log.LogCleaner)
[2022-01-15 09:44:17,514] INFO Cleaner 0: Swapping in cleaned segment LogSegment(baseOffset=0, size=240, lastModifiedTime=1620472763524, largestRecordTimestamp=Some(1620472763484)) for segment(s) List(LogSegment(baseOffset=0, size=7802, lastModifiedTime=1620472763524, largestRecordTimestamp=Some(1620472763484))) in log Log(dir=C:\Java_Tools\kafka_2.12-2.8.0\data\kafka\__consumer_offsets-13, topic=__consumer_offsets, partition=13, highWatermark=0, lastStableOffset=0, logStartOffset=0, logEndOffset=38) (kafka.log.LogCleaner)
[2022-01-15 09:44:17,554] INFO Cleaner 0: Beginning cleaning of log __consumer_offsets-13. (kafka.log.LogCleaner)
[2022-01-15 09:44:17,554] INFO Cleaner 0: Building offset map for __consumer_offsets-13... (kafka.log.LogCleaner)
[2022-01-15 09:44:17,632] INFO Cleaner 0: Building offset map for log __consumer_offsets-13 for 1 segments in offset range [0, 36). (kafka.log.LogCleaner)
[2022-01-15 09:44:17,635] INFO Cleaner 0: Offset map for log __consumer_offsets-13 complete. (kafka.log.LogCleaner)
[2022-01-15 09:44:17,636] INFO Cleaner 0: Cleaning log __consumer_offsets-13 (cleaning prior to Sat May 08 06:19:23 CDT 2021, discarding tombstones prior to Wed Dec 31 18:00:00 CST 1969)... (kafka.log.LogCleaner)
[2022-01-15 09:44:17,651] INFO Cleaner 0: Beginning cleaning of log __consumer_offsets-13. (kafka.log.LogCleaner)
[2022-01-15 09:44:17,651] INFO Cleaner 0: Building offset map for __consumer_offsets-13... (kafka.log.LogCleaner)
[2022-01-15 09:44:17,665] INFO Cleaner 0: Building offset map for log __consumer_offsets-13 for 1 segments in offset range [0, 36). (kafka.log.LogCleaner)
[2022-01-15 09:44:17,669] INFO Cleaner 0: Offset map for log __consumer_offsets-13 complete. (kafka.log.LogCleaner)
[2022-01-15 09:44:17,669] INFO Cleaner 0: Cleaning log __consumer_offsets-13 (cleaning prior to Sat May 08 06:19:23 CDT 2021, discarding tombstones prior to Wed Dec 31 18:00:00 CST 1969)... (kafka.log.LogCleaner)
[2022-01-15 09:44:17,680] INFO Cleaner 0: Beginning cleaning of log __consumer_offsets-13. (kafka.log.LogCleaner)
[2022-01-15 09:44:17,680] INFO Cleaner 0: Building offset map for __consumer_offsets-13... (kafka.log.LogCleaner)
[2022-01-15 09:44:17,697] INFO Cleaner 0: Building offset map for log __consumer_offsets-13 for 1 segments in offset range [0, 36). (kafka.log.LogCleaner)
[2022-01-15 09:44:17,700] INFO Cleaner 0: Offset map for log __consumer_offsets-13 complete. (kafka.log.LogCleaner)
[2022-01-15 09:44:17,701] INFO Cleaner 0: Cleaning log __consumer_offsets-13 (cleaning prior to Sat May 08 06:19:23 CDT 2021, discarding tombstones prior to Wed Dec 31 18:00:00 CST 1969)... (kafka.log.LogCleaner)
[2022-01-15 09:44:17,718] INFO Cleaner 0: Beginning cleaning of log __consumer_offsets-13. (kafka.log.LogCleaner)
[2022-01-15 09:44:17,718] INFO Cleaner 0: Building offset map for __consumer_offsets-13... (kafka.log.LogCleaner)
[2022-01-15 09:44:17,735] INFO Cleaner 0: Building offset map for log __consumer_offsets-13 for 1 segments in offset range [0, 36). (kafka.log.LogCleaner)
[2022-01-15 09:44:17,739] INFO Cleaner 0: Offset map for log __consumer_offsets-13 complete. (kafka.log.LogCleaner)
[2022-01-15 09:44:17,739] INFO Cleaner 0: Cleaning log __consumer_offsets-13 (cleaning prior to Sat May 08 06:19:23 CDT 2021, discarding tombstones prior to Wed Dec 31 18:00:00 CST 1969)... (kafka.log.LogCleaner)
[2022-01-15 09:44:17,754] INFO Cleaner 0: Beginning cleaning of log __consumer_offsets-13. (kafka.log.LogCleaner)
[2022-01-15 09:44:17,754] INFO Cleaner 0: Building offset map for __consumer_offsets-13... (kafka.log.LogCleaner)
[2022-01-15 09:44:17,771] INFO Cleaner 0: Building offset map for log __consumer_offsets-13 for 1 segments in offset range [0, 36). (kafka.log.LogCleaner)
[2022-01-15 09:44:17,776] INFO Cleaner 0: Offset map for log __consumer_offsets-13 complete. (kafka.log.LogCleaner)
[2022-01-15 09:44:17,776] INFO Cleaner 0: Cleaning log __consumer_offsets-13 (cleaning prior to Sat May 08 06:19:23 CDT 2021, discarding tombstones prior to Wed Dec 31 18:00:00 CST 1969)... (kafka.log.LogCleaner)
[2022-01-15 09:44:17,791] INFO Cleaner 0: Beginning cleaning of log __consumer_offsets-13. (kafka.log.LogCleaner)
[2022-01-15 09:44:17,791] INFO Cleaner 0: Building offset map for __consumer_offsets-13... (kafka.log.LogCleaner)
[2022-01-15 09:44:17,808] INFO Cleaner 0: Building offset map for log __consumer_offsets-13 for 1 segments in offset range [0, 36). (kafka.log.LogCleaner)
[2022-01-15 09:44:17,812] INFO Cleaner 0: Offset map for log __consumer_offsets-13 complete. (kafka.log.LogCleaner)
[2022-01-15 09:44:17,813] INFO Cleaner 0: Cleaning log __consumer_offsets-13 (cleaning prior to Sat May 08 06:19:23 CDT 2021, discarding tombstones prior to Wed Dec 31 18:00:00 CST 1969)... (kafka.log.LogCleaner)
[2022-01-15 09:44:17,829] INFO Cleaner 0: Beginning cleaning of log __consumer_offsets-13. (kafka.log.LogCleaner)
[2022-01-15 09:44:17,829] INFO Cleaner 0: Building offset map for __consumer_offsets-13... (kafka.log.LogCleaner)
[2022-01-15 09:44:17,846] INFO Cleaner 0: Building offset map for log __consumer_offsets-13 for 1 segments in offset range [0, 36). (kafka.log.LogCleaner)
[2022-01-15 09:44:17,848] INFO Cleaner 0: Offset map for log __consumer_offsets-13 complete. (kafka.log.LogCleaner)
[2022-01-15 09:44:17,848] INFO Cleaner 0: Cleaning log __consumer_offsets-13 (cleaning prior to Sat May 08 06:19:23 CDT 2021, discarding tombstones prior to Wed Dec 31 18:00:00 CST 1969)... (kafka.log.LogCleaner)
[2022-01-15 09:44:17,862] INFO Cleaner 0: Beginning cleaning of log __consumer_offsets-13. (kafka.log.LogCleaner)
[2022-01-15 09:44:17,862] INFO Cleaner 0: Building offset map for __consumer_offsets-13... (kafka.log.LogCleaner)
[2022-01-15 09:44:17,877] INFO Cleaner 0: Building offset map for log __consumer_offsets-13 for 1 segments in offset range [0, 36). (kafka.log.LogCleaner)
[2022-01-15 09:44:17,880] INFO Cleaner 0: Offset map for log __consumer_offsets-13 complete. (kafka.log.LogCleaner)
[2022-01-15 09:44:17,880] INFO Cleaner 0: Cleaning log __consumer_offsets-13 (cleaning prior to Sat May 08 06:19:23 CDT 2021, discarding tombstones prior to Wed Dec 31 18:00:00 CST 1969)... (kafka.log.LogCleaner)
[2022-01-15 09:44:17,893] INFO Cleaner 0: Beginning cleaning of log __consumer_offsets-13. (kafka.log.LogCleaner)
[2022-01-15 09:44:17,893] INFO Cleaner 0: Building offset map for __consumer_offsets-13... (kafka.log.LogCleaner)
[2022-01-15 09:44:17,908] INFO Cleaner 0: Building offset map for log __consumer_offsets-13 for 1 segments in offset range [0, 36). (kafka.log.LogCleaner)
[2022-01-15 09:44:17,912] INFO Cleaner 0: Offset map for log __consumer_offsets-13 complete. (kafka.log.LogCleaner)
[2022-01-15 09:44:17,912] INFO Cleaner 0: Cleaning log __consumer_offsets-13 (cleaning prior to Sat May 08 06:19:23 CDT 2021, discarding tombstones prior to Wed Dec 31 18:00:00 CST 1969)... (kafka.log.LogCleaner)
[2022-01-15 09:44:17,926] INFO Cleaner 0: Beginning cleaning of log __consumer_offsets-13. (kafka.log.LogCleaner)
[2022-01-15 09:44:17,926] INFO Cleaner 0: Building offset map for __consumer_offsets-13... (kafka.log.LogCleaner)
[2022-01-15 09:44:17,943] INFO Cleaner 0: Building offset map for log __consumer_offsets-13 for 1 segments in offset range [0, 36). (kafka.log.LogCleaner)
[2022-01-15 09:44:17,945] INFO Cleaner 0: Offset map for log __consumer_offsets-13 complete. (kafka.log.LogCleaner)
[2022-01-15 09:44:17,945] INFO Cleaner 0: Cleaning log __consumer_offsets-13 (cleaning prior to Sat May 08 06:19:23 CDT 2021, discarding tombstones prior to Wed Dec 31 18:00:00 CST 1969)... (kafka.log.LogCleaner)
[2022-01-15 09:44:17,955] INFO Cleaner 0: Beginning cleaning of log __consumer_offsets-13. (kafka.log.LogCleaner)
[2022-01-15 09:44:17,955] INFO Cleaner 0: Building offset map for __consumer_offsets-13... (kafka.log.LogCleaner)
[2022-01-15 09:44:17,972] INFO Cleaner 0: Building offset map for log __consumer_offsets-13 for 1 segments in offset range [0, 36). (kafka.log.LogCleaner)
[2022-01-15 09:44:17,976] INFO Cleaner 0: Offset map for log __consumer_offsets-13 complete. (kafka.log.LogCleaner)
[2022-01-15 09:44:17,976] INFO Cleaner 0: Cleaning log __consumer_offsets-13 (cleaning prior to Sat May 08 06:19:23 CDT 2021, discarding tombstones prior to Wed Dec 31 18:00:00 CST 1969)... (kafka.log.LogCleaner)
[2022-01-15 09:44:17,988] INFO Cleaner 0: Beginning cleaning of log __consumer_offsets-13. (kafka.log.LogCleaner)
[2022-01-15 09:44:17,988] INFO Cleaner 0: Building offset map for __consumer_offsets-13... (kafka.log.LogCleaner)
[2022-01-15 09:44:18,003] INFO Cleaner 0: Building offset map for log __consumer_offsets-13 for 1 segments in offset range [0, 36). (kafka.log.LogCleaner)
[2022-01-15 09:44:18,006] INFO Cleaner 0: Offset map for log __consumer_offsets-13 complete. (kafka.log.LogCleaner)
[2022-01-15 09:44:18,007] INFO Cleaner 0: Cleaning log __consumer_offsets-13 (cleaning prior to Sat May 08 06:19:23 CDT 2021, discarding tombstones prior to Wed Dec 31 18:00:00 CST 1969)... (kafka.log.LogCleaner)
[2022-01-15 09:44:18,021] INFO Cleaner 0: Beginning cleaning of log __consumer_offsets-13. (kafka.log.LogCleaner)
[2022-01-15 09:44:18,021] INFO Cleaner 0: Building offset map for __consumer_offsets-13... (kafka.log.LogCleaner)
[2022-01-15 09:44:18,037] INFO Cleaner 0: Building offset map for log __consumer_offsets-13 for 1 segments in offset range [0, 36). (kafka.log.LogCleaner)
[2022-01-15 09:44:18,041] INFO Cleaner 0: Offset map for log __consumer_offsets-13 complete. (kafka.log.LogCleaner)
[2022-01-15 09:44:18,041] INFO Cleaner 0: Cleaning log __consumer_offsets-13 (cleaning prior to Sat May 08 06:19:23 CDT 2021, discarding tombstones prior to Wed Dec 31 18:00:00 CST 1969)... (kafka.log.LogCleaner)
[2022-01-15 09:44:18,051] INFO Cleaner 0: Beginning cleaning of log __consumer_offsets-13. (kafka.log.LogCleaner)
[2022-01-15 09:44:18,051] INFO Cleaner 0: Building offset map for __consumer_offsets-13... (kafka.log.LogCleaner)
[2022-01-15 09:44:18,069] INFO Cleaner 0: Building offset map for log __consumer_offsets-13 for 1 segments in offset range [0, 36). (kafka.log.LogCleaner)
[2022-01-15 09:44:18,072] INFO Cleaner 0: Offset map for log __consumer_offsets-13 complete. (kafka.log.LogCleaner)
[2022-01-15 09:44:18,072] INFO Cleaner 0: Cleaning log __consumer_offsets-13 (cleaning prior to Sat May 08 06:19:23 CDT 2021, discarding tombstones prior to Wed Dec 31 18:00:00 CST 1969)... (kafka.log.LogCleaner)
[2022-01-15 09:44:18,093] INFO Cleaner 0: Beginning cleaning of log __consumer_offsets-13. (kafka.log.LogCleaner)
[2022-01-15 09:44:18,093] INFO Cleaner 0: Building offset map for __consumer_offsets-13... (kafka.log.LogCleaner)
[2022-01-15 09:44:18,111] INFO Cleaner 0: Building offset map for log __consumer_offsets-13 for 1 segments in offset range [0, 36). (kafka.log.LogCleaner)
[2022-01-15 09:44:18,114] INFO Cleaner 0: Offset map for log __consumer_offsets-13 complete. (kafka.log.LogCleaner)
[2022-01-15 09:44:18,115] INFO Cleaner 0: Cleaning log __consumer_offsets-13 (cleaning prior to Sat May 08 06:19:23 CDT 2021, discarding tombstones prior to Wed Dec 31 18:00:00 CST 1969)... (kafka.log.LogCleaner)
[2022-01-15 09:44:18,130] INFO Cleaner 0: Beginning cleaning of log __consumer_offsets-13. (kafka.log.LogCleaner)
[2022-01-15 09:44:18,130] INFO Cleaner 0: Building offset map for __consumer_offsets-13... (kafka.log.LogCleaner)
[2022-01-15 09:44:18,149] INFO Cleaner 0: Building offset map for log __consumer_offsets-13 for 1 segments in offset range [0, 36). (kafka.log.LogCleaner)
[2022-01-15 09:44:18,150] INFO Cleaner 0: Offset map for log __consumer_offsets-13 complete. (kafka.log.LogCleaner)
[2022-01-15 09:44:18,150] INFO Cleaner 0: Cleaning log __consumer_offsets-13 (cleaning prior to Sat May 08 06:19:23 CDT 2021, discarding tombstones prior to Wed Dec 31 18:00:00 CST 1969)... (kafka.log.LogCleaner)
[2022-01-15 09:44:18,162] INFO Cleaner 0: Beginning cleaning of log __consumer_offsets-13. (kafka.log.LogCleaner)
[2022-01-15 09:44:18,162] INFO Cleaner 0: Building offset map for __consumer_offsets-13... (kafka.log.LogCleaner)
[2022-01-15 09:44:18,179] INFO Cleaner 0: Building offset map for log __consumer_offsets-13 for 1 segments in offset range [0, 36). (kafka.log.LogCleaner)
[2022-01-15 09:44:18,181] INFO Cleaner 0: Offset map for log __consumer_offsets-13 complete. (kafka.log.LogCleaner)
[2022-01-15 09:44:18,181] INFO Cleaner 0: Cleaning log __consumer_offsets-13 (cleaning prior to Sat May 08 06:19:23 CDT 2021, discarding tombstones prior to Wed Dec 31 18:00:00 CST 1969)... (kafka.log.LogCleaner)
[2022-01-15 09:44:18,191] INFO Cleaner 0: Beginning cleaning of log __consumer_offsets-13. (kafka.log.LogCleaner)
[2022-01-15 09:44:18,191] INFO Cleaner 0: Building offset map for __consumer_offsets-13... (kafka.log.LogCleaner)
[2022-01-15 09:44:18,211] INFO Cleaner 0: Building offset map for log __consumer_offsets-13 for 1 segments in offset range [0, 36). (kafka.log.LogCleaner)
[2022-01-15 09:44:18,213] INFO Cleaner 0: Offset map for log __consumer_offsets-13 complete. (kafka.log.LogCleaner)
[2022-01-15 09:44:18,213] INFO Cleaner 0: Cleaning log __consumer_offsets-13 (cleaning prior to Sat May 08 06:19:23 CDT 2021, discarding tombstones prior to Wed Dec 31 18:00:00 CST 1969)... (kafka.log.LogCleaner)
[2022-01-15 09:44:18,225] INFO Cleaner 0: Beginning cleaning of log __consumer_offsets-13. (kafka.log.LogCleaner)
[2022-01-15 09:44:18,225] INFO Cleaner 0: Building offset map for __consumer_offsets-13... (kafka.log.LogCleaner)
[2022-01-15 09:44:18,247] INFO Cleaner 0: Building offset map for log __consumer_offsets-13 for 1 segments in offset range [0, 36). (kafka.log.LogCleaner)
[2022-01-15 09:44:18,248] INFO Cleaner 0: Offset map for log __consumer_offsets-13 complete. (kafka.log.LogCleaner)
[2022-01-15 09:44:18,249] INFO Cleaner 0: Cleaning log __consumer_offsets-13 (cleaning prior to Sat May 08 06:19:23 CDT 2021, discarding tombstones prior to Wed Dec 31 18:00:00 CST 1969)... (kafka.log.LogCleaner)
[2022-01-15 09:44:18,260] INFO Cleaner 0: Beginning cleaning of log __consumer_offsets-13. (kafka.log.LogCleaner)
[2022-01-15 09:44:18,261] INFO Cleaner 0: Building offset map for __consumer_offsets-13... (kafka.log.LogCleaner)
[2022-01-15 09:44:18,279] INFO Cleaner 0: Building offset map for log __consumer_offsets-13 for 1 segments in offset range [0, 36). (kafka.log.LogCleaner)
[2022-01-15 09:44:18,281] INFO Cleaner 0: Offset map for log __consumer_offsets-13 complete. (kafka.log.LogCleaner)
[2022-01-15 09:44:18,281] INFO Cleaner 0: Cleaning log __consumer_offsets-13 (cleaning prior to Sat May 08 06:19:23 CDT 2021, discarding tombstones prior to Wed Dec 31 18:00:00 CST 1969)... (kafka.log.LogCleaner)
[2022-01-15 09:44:18,293] INFO Cleaner 0: Beginning cleaning of log __consumer_offsets-13. (kafka.log.LogCleaner)
[2022-01-15 09:44:18,294] INFO Cleaner 0: Building offset map for __consumer_offsets-13... (kafka.log.LogCleaner)
[2022-01-15 09:44:18,312] INFO Cleaner 0: Building offset map for log __consumer_offsets-13 for 1 segments in offset range [0, 36). (kafka.log.LogCleaner)
[2022-01-15 09:44:18,313] INFO Cleaner 0: Offset map for log __consumer_offsets-13 complete. (kafka.log.LogCleaner)
[2022-01-15 09:44:18,313] INFO Cleaner 0: Cleaning log __consumer_offsets-13 (cleaning prior to Sat May 08 06:19:23 CDT 2021, discarding tombstones prior to Wed Dec 31 18:00:00 CST 1969)... (kafka.log.LogCleaner)
[2022-01-15 09:47:40,444] INFO Starting the log cleaner (kafka.log.LogCleaner)
[2022-01-15 09:47:40,567] INFO [kafka-log-cleaner-thread-0]: Starting (kafka.log.LogCleaner)
[2022-01-15 09:51:13,376] INFO Starting the log cleaner (kafka.log.LogCleaner)
[2022-01-15 09:51:13,498] INFO [kafka-log-cleaner-thread-0]: Starting (kafka.log.LogCleaner)
[2022-01-15 11:14:47,657] INFO Starting the log cleaner (kafka.log.LogCleaner)
[2022-01-15 11:14:47,835] INFO [kafka-log-cleaner-thread-0]: Starting (kafka.log.LogCleaner)
[2022-01-15 11:14:48,494] INFO Starting the log cleaner (kafka.log.LogCleaner)
[2022-01-15 11:14:48,681] INFO [kafka-log-cleaner-thread-0]: Starting (kafka.log.LogCleaner)
[2022-01-15 11:14:51,558] INFO Starting the log cleaner (kafka.log.LogCleaner)
[2022-01-15 11:14:51,903] INFO [kafka-log-cleaner-thread-0]: Starting (kafka.log.LogCleaner)
[2022-01-15 11:14:54,150] INFO Starting the log cleaner (kafka.log.LogCleaner)
[2022-01-15 11:14:54,375] INFO [kafka-log-cleaner-thread-0]: Starting (kafka.log.LogCleaner)
[2022-01-15 11:24:34,106] INFO Starting the log cleaner (kafka.log.LogCleaner)
[2022-01-15 11:24:34,288] INFO [kafka-log-cleaner-thread-0]: Starting (kafka.log.LogCleaner)
[2022-01-15 11:24:35,190] INFO Starting the log cleaner (kafka.log.LogCleaner)
[2022-01-15 11:24:35,353] INFO [kafka-log-cleaner-thread-0]: Starting (kafka.log.LogCleaner)
[2022-01-15 11:24:36,156] INFO Shutting down the log cleaner. (kafka.log.LogCleaner)
[2022-01-15 11:24:36,157] INFO [kafka-log-cleaner-thread-0]: Shutting down (kafka.log.LogCleaner)
[2022-01-15 11:24:36,158] INFO [kafka-log-cleaner-thread-0]: Stopped (kafka.log.LogCleaner)
[2022-01-15 11:24:36,158] INFO [kafka-log-cleaner-thread-0]: Shutdown completed (kafka.log.LogCleaner)
[2022-01-15 11:24:37,249] INFO Shutting down the log cleaner. (kafka.log.LogCleaner)
[2022-01-15 11:24:37,250] INFO [kafka-log-cleaner-thread-0]: Shutting down (kafka.log.LogCleaner)
[2022-01-15 11:24:37,251] INFO [kafka-log-cleaner-thread-0]: Stopped (kafka.log.LogCleaner)
[2022-01-15 11:24:37,251] INFO [kafka-log-cleaner-thread-0]: Shutdown completed (kafka.log.LogCleaner)
[2022-01-15 11:40:21,319] INFO Starting the log cleaner (kafka.log.LogCleaner)
[2022-01-15 11:40:21,467] INFO [kafka-log-cleaner-thread-0]: Starting (kafka.log.LogCleaner)
[2022-01-15 11:40:23,839] INFO Starting the log cleaner (kafka.log.LogCleaner)
[2022-01-15 11:40:24,155] INFO [kafka-log-cleaner-thread-0]: Starting (kafka.log.LogCleaner)
[2022-01-15 11:40:27,194] INFO Starting the log cleaner (kafka.log.LogCleaner)
[2022-01-15 11:40:27,319] INFO [kafka-log-cleaner-thread-0]: Starting (kafka.log.LogCleaner)
[2022-01-15 11:40:29,388] INFO Starting the log cleaner (kafka.log.LogCleaner)
[2022-01-15 11:40:29,585] INFO [kafka-log-cleaner-thread-0]: Starting (kafka.log.LogCleaner)
[2022-01-15 11:49:34,855] INFO Starting the log cleaner (kafka.log.LogCleaner)
[2022-01-15 11:49:35,020] INFO [kafka-log-cleaner-thread-0]: Starting (kafka.log.LogCleaner)
[2022-01-15 11:49:35,640] INFO Starting the log cleaner (kafka.log.LogCleaner)
[2022-01-15 11:49:35,795] INFO [kafka-log-cleaner-thread-0]: Starting (kafka.log.LogCleaner)
[2022-01-15 11:49:37,246] INFO Shutting down the log cleaner. (kafka.log.LogCleaner)
[2022-01-15 11:49:37,247] INFO [kafka-log-cleaner-thread-0]: Shutting down (kafka.log.LogCleaner)
[2022-01-15 11:49:37,248] INFO [kafka-log-cleaner-thread-0]: Stopped (kafka.log.LogCleaner)
[2022-01-15 11:49:37,248] INFO [kafka-log-cleaner-thread-0]: Shutdown completed (kafka.log.LogCleaner)
[2022-01-15 11:49:37,941] INFO Starting the log cleaner (kafka.log.LogCleaner)
[2022-01-15 11:49:38,074] INFO [kafka-log-cleaner-thread-0]: Starting (kafka.log.LogCleaner)
[2022-01-15 11:49:38,201] INFO Shutting down the log cleaner. (kafka.log.LogCleaner)
[2022-01-15 11:49:38,202] INFO [kafka-log-cleaner-thread-0]: Shutting down (kafka.log.LogCleaner)
[2022-01-15 11:49:38,202] INFO [kafka-log-cleaner-thread-0]: Stopped (kafka.log.LogCleaner)
[2022-01-15 11:49:38,202] INFO [kafka-log-cleaner-thread-0]: Shutdown completed (kafka.log.LogCleaner)
[2022-01-15 11:49:39,887] INFO Starting the log cleaner (kafka.log.LogCleaner)
[2022-01-15 11:49:40,055] INFO [kafka-log-cleaner-thread-0]: Starting (kafka.log.LogCleaner)
[2022-01-15 11:49:40,163] INFO Shutting down the log cleaner. (kafka.log.LogCleaner)
[2022-01-15 11:49:40,164] INFO [kafka-log-cleaner-thread-0]: Shutting down (kafka.log.LogCleaner)
[2022-01-15 11:49:40,166] INFO [kafka-log-cleaner-thread-0]: Stopped (kafka.log.LogCleaner)
[2022-01-15 11:49:40,166] INFO [kafka-log-cleaner-thread-0]: Shutdown completed (kafka.log.LogCleaner)
[2022-01-15 11:49:41,842] INFO Shutting down the log cleaner. (kafka.log.LogCleaner)
[2022-01-15 11:49:41,842] INFO [kafka-log-cleaner-thread-0]: Shutting down (kafka.log.LogCleaner)
[2022-01-15 11:49:41,843] INFO [kafka-log-cleaner-thread-0]: Stopped (kafka.log.LogCleaner)
[2022-01-15 11:49:41,843] INFO [kafka-log-cleaner-thread-0]: Shutdown completed (kafka.log.LogCleaner)
[2022-01-15 12:12:48,424] INFO Starting the log cleaner (kafka.log.LogCleaner)
[2022-01-15 12:12:48,605] INFO [kafka-log-cleaner-thread-0]: Starting (kafka.log.LogCleaner)
[2022-01-15 12:12:50,372] INFO Starting the log cleaner (kafka.log.LogCleaner)
[2022-01-15 12:12:50,607] INFO [kafka-log-cleaner-thread-0]: Starting (kafka.log.LogCleaner)
[2022-01-15 12:12:54,748] INFO Starting the log cleaner (kafka.log.LogCleaner)
[2022-01-15 12:12:54,912] INFO [kafka-log-cleaner-thread-0]: Starting (kafka.log.LogCleaner)
[2022-01-15 12:12:57,356] INFO Starting the log cleaner (kafka.log.LogCleaner)
[2022-01-15 12:12:57,593] INFO [kafka-log-cleaner-thread-0]: Starting (kafka.log.LogCleaner)
